[2020-07-09 10:58:45] [INFO] 开始启动浏览器!
[2020-07-09 10:58:49] [INFO] 最大化浏览器:chrome
[2020-07-09 10:58:50] [INFO] 打开测试页面:[http://127.0.0.1:1080/WebTours/]
[2020-07-09 10:58:50] [INFO] registerSuccessFunction 测试用例开始执行！
[2020-07-09 10:58:50] [INFO] 正在跳进frame:[ name: body]
[2020-07-09 10:58:51] [INFO] 进入frame: [ name: body]成功 
[2020-07-09 10:58:51] [INFO] 正在跳进frame:[ name: info]
[2020-07-09 10:58:51] [INFO] 进入frame: [ name: info]成功 
[2020-07-09 10:58:51] [INFO] 点击元素 [By.xpath: //a[1]/b]
[2020-07-09 10:58:51] [INFO] 开始输入注册信息
[2020-07-09 10:58:51] [INFO] 输入：[zhangsan] 到 [By.name: username]
[2020-07-09 10:58:51] [INFO] 输入：[123456] 到 [By.name: password]
[2020-07-09 10:58:51] [INFO] 输入：[123456] 到 [By.name: passwordConfirm]
[2020-07-09 10:58:51] [INFO] 输入：[zhang] 到 [By.name: firstName]
[2020-07-09 10:58:52] [INFO] 输入：[san] 到 [By.name: lastName]
[2020-07-09 10:58:52] [INFO] 输入：[shenzhen] 到 [By.name: address1]
[2020-07-09 10:58:52] [INFO] 输入：[nanshan] 到 [By.name: address2]
[2020-07-09 10:58:52] [INFO] 点击元素 [By.xpath: //*[@src='/WebTours/images/button_next.gif']]
[2020-07-09 10:58:52] [INFO] 输入注册信息完成
[2020-07-09 10:58:52] [INFO] registerSuccessFunction 测试用例执行成功！
[2020-07-09 10:58:53] [INFO] 执行成功的用例 = registerSuccessFunction
