[2020-07-10 11:10:04] [INFO] 开始启动浏览器!
[2020-07-10 11:10:08] [INFO] 最大化浏览器:chrome
[2020-07-10 11:10:10] [INFO] 打开测试页面:[http://127.0.0.1:1080/WebTours/]
[2020-07-10 11:10:10] [INFO] loginSuccessFunction 测试用例开始执行！
[2020-07-10 11:10:12] [INFO] 正在跳进frame:[ name: body]
[2020-07-10 11:10:12] [INFO] 进入frame: [ name: body]成功 
[2020-07-10 11:10:12] [INFO] 正在跳进frame:[ name: navbar]
[2020-07-10 11:10:12] [INFO] 进入frame: [ name: navbar]成功 
[2020-07-10 11:10:12] [INFO] 开始检查页面元素。
[2020-07-10 11:10:12] [INFO] 开始查找元素[By.name: username]
[2020-07-10 11:10:12] [INFO] 找到了元素 [By.name: username]
[2020-07-10 11:10:12] [INFO] 开始查找元素[By.name: password]
[2020-07-10 11:10:12] [INFO] 找到了元素 [By.name: password]
[2020-07-10 11:10:12] [INFO] 开始查找元素[By.name: login]
[2020-07-10 11:10:12] [INFO] 找到了元素 [By.name: login]
[2020-07-10 11:10:12] [INFO] 检查登录页面元素完毕！
[2020-07-10 11:10:12] [INFO] 开始输入登录信息
[2020-07-10 11:10:12] [INFO] 清除元素 [By.name: username]上的内容
[2020-07-10 11:10:12] [INFO] 输入：[jojo] 到 [By.name: username]
[2020-07-10 11:10:12] [INFO] 清除元素 [By.name: password]上的内容
[2020-07-10 11:10:12] [INFO] 输入：[bean] 到 [By.name: password]
[2020-07-10 11:10:12] [INFO] 点击元素 [By.name: login]
[2020-07-10 11:10:12] [INFO] 输入登录信息完毕
[2020-07-10 11:10:12] [INFO] 开始查找元素[By.name: body]
[2020-07-10 11:10:13] [INFO] 找到了元素 [By.name: body]
[2020-07-10 11:10:13] [INFO] 正在跳进frame:[ name: body]
[2020-07-10 11:10:13] [INFO] 进入frame: [ name: body]成功 
[2020-07-10 11:10:13] [INFO] 开始查找元素[By.name: navbar]
[2020-07-10 11:10:13] [INFO] 找到了元素 [By.name: navbar]
[2020-07-10 11:10:13] [INFO] 正在跳进frame:[ name: navbar]
[2020-07-10 11:10:13] [INFO] 进入frame: [ name: navbar]成功 
[2020-07-10 11:10:13] [INFO] 开始等待首页元素加载
[2020-07-10 11:10:13] [INFO] 开始查找元素[By.xpath: //*[@src='/WebTours/images/flights.gif']]
[2020-07-10 11:10:13] [INFO] 找到了元素 [By.xpath: //*[@src='/WebTours/images/flights.gif']]
[2020-07-10 11:10:13] [INFO] 开始查找元素[By.xpath: //*[@src='/WebTours/images/itinerary.gif']]
[2020-07-10 11:10:13] [INFO] 找到了元素 [By.xpath: //*[@src='/WebTours/images/itinerary.gif']]
[2020-07-10 11:10:13] [INFO] 开始查找元素[By.xpath: //*[@src='/WebTours/images/in_home.gif']]
[2020-07-10 11:10:13] [INFO] 找到了元素 [By.xpath: //*[@src='/WebTours/images/in_home.gif']]
[2020-07-10 11:10:13] [INFO] 开始查找元素[By.xpath: //*[@src='/WebTours/images/signoff.gif']]
[2020-07-10 11:10:13] [INFO] 找到了元素 [By.xpath: //*[@src='/WebTours/images/signoff.gif']]
[2020-07-10 11:10:13] [INFO] 首页元素加载完毕
[2020-07-10 11:10:13] [INFO] 正在跳进frame:[ name: body]
[2020-07-10 11:10:13] [INFO] 进入frame: [ name: body]成功 
[2020-07-10 11:10:13] [INFO] 正在跳进frame:[ name: info]
[2020-07-10 11:10:14] [INFO] 进入frame: [ name: info]成功 
[2020-07-10 11:10:14] [INFO] 开始检查用户名jojo
[2020-07-10 11:10:14] [INFO] 找到了期望的文字: [jojo]
[2020-07-10 11:10:14] [INFO] loginSuccessFunction 测试用例执行成功！
[2020-07-10 11:10:15] [INFO] 执行成功的用例 = loginSuccessFunction
